<?xml version="1.0" encoding="UTF-8"?>
<testng-results ignored="0" total="1" passed="1" failed="0" skipped="0">
  <reporter-output>
  </reporter-output>
  <suite started-at="2024-11-05T02:56:54 PST" name="Suite" finished-at="2024-11-05T02:57:19 PST" duration-ms="25074">
    <groups>
    </groups>
    <test started-at="2024-11-05T02:56:54 PST" name="Test" finished-at="2024-11-05T02:57:19 PST" duration-ms="25074">
      <class name="testCases.LoginTestCase">
        <test-method is-config="true" signature="setup()[pri:0, instance:testCases.LoginTestCase@2b0f373b]" started-at="2024-11-05T02:56:54 PST" name="setup" finished-at="2024-11-05T02:56:56 PST" duration-ms="2622" status="PASS">
          <reporter-output>
          </reporter-output>
        </test-method> <!-- setup -->
        <test-method signature="verify_account_registration()[pri:0, instance:testCases.LoginTestCase@2b0f373b]" started-at="2024-11-05T02:56:56 PST" name="verify_account_registration" finished-at="2024-11-05T02:57:14 PST" duration-ms="17229" status="PASS">
          <reporter-output>
          </reporter-output>
        </test-method> <!-- verify_account_registration -->
        <test-method is-config="true" signature="tearDown()[pri:0, instance:testCases.LoginTestCase@2b0f373b]" started-at="2024-11-05T02:57:14 PST" name="tearDown" finished-at="2024-11-05T02:57:19 PST" duration-ms="5181" status="PASS">
          <reporter-output>
          </reporter-output>
        </test-method> <!-- tearDown -->
      </class> <!-- testCases.LoginTestCase -->
    </test> <!-- Test -->
  </suite> <!-- Suite -->
</testng-results>
