<?xml version="1.0" encoding="UTF-8"?>
<testng-results ignored="0" total="1" passed="1" failed="0" skipped="0">
  <reporter-output>
  </reporter-output>
  <suite started-at="2024-10-22T21:40:04 PDT" name="Suite" finished-at="2024-10-22T21:40:33 PDT" duration-ms="29055">
    <groups>
    </groups>
    <test started-at="2024-10-22T21:40:04 PDT" name="Test" finished-at="2024-10-22T21:40:33 PDT" duration-ms="29055">
      <class name="testCases.LoginTestCase">
        <test-method is-config="true" signature="setup()[pri:0, instance:testCases.LoginTestCase@1c3146bc]" started-at="2024-10-22T21:40:04 PDT" name="setup" finished-at="2024-10-22T21:40:11 PDT" duration-ms="7589" status="PASS">
          <reporter-output>
          </reporter-output>
        </test-method> <!-- setup -->
        <test-method signature="verify_account_registration()[pri:0, instance:testCases.LoginTestCase@1c3146bc]" started-at="2024-10-22T21:40:11 PDT" name="verify_account_registration" finished-at="2024-10-22T21:40:28 PDT" duration-ms="16199" status="PASS">
          <reporter-output>
          </reporter-output>
        </test-method> <!-- verify_account_registration -->
        <test-method is-config="true" signature="tearDown()[pri:0, instance:testCases.LoginTestCase@1c3146bc]" started-at="2024-10-22T21:40:28 PDT" name="tearDown" finished-at="2024-10-22T21:40:33 PDT" duration-ms="5208" status="PASS">
          <reporter-output>
          </reporter-output>
        </test-method> <!-- tearDown -->
      </class> <!-- testCases.LoginTestCase -->
    </test> <!-- Test -->
  </suite> <!-- Suite -->
</testng-results>
